2025-12-02 17:43:52,767 | WARNING | PyNaCl is not installed, voice will NOT be supported
2025-12-02 17:43:52,770 | INFO | logging in using static token
2025-12-02 17:43:54,000 | INFO | Shard ID None has connected to Gateway (Session ID: 9d108eecf9c73bd9936ea13df1333fe7).
2025-12-02 17:43:56,015 | INFO | Lain se ha conectado correctamente a la WIRED.
2025-12-02 17:44:07,570 | INFO | Mensaje eliminado: obito7356 dijo: !decir <@487412247002349568> a casa gil.
2025-12-02 17:44:40,976 | WARNING | PyNaCl is not installed, voice will NOT be supported
2025-12-02 17:44:40,978 | INFO | logging in using static token
2025-12-02 17:44:42,037 | INFO | Shard ID None has connected to Gateway (Session ID: ce4caf1791bd4bbfac7b68ecbcd215c9).
2025-12-02 17:44:44,049 | INFO | Lain se ha conectado correctamente a la WIRED.
2025-12-02 17:44:50,757 | INFO | Mensaje eliminado: obito7356 dijo: !decir <@487412247002349568> asds.
2025-12-02 17:45:09,106 | WARNING | PyNaCl is not installed, voice will NOT be supported
2025-12-02 17:45:09,107 | INFO | logging in using static token
2025-12-02 17:45:10,410 | INFO | Shard ID None has connected to Gateway (Session ID: 248b0d48d570bd54afa5531b4c750f08).
2025-12-02 17:45:12,423 | INFO | Lain se ha conectado correctamente a la WIRED.
2025-12-02 17:45:22,339 | INFO | Mensaje eliminado: obito7356 dijo: !decir <@487412247002349568> asdas.
2025-12-02 17:45:33,594 | WARNING | PyNaCl is not installed, voice will NOT be supported
2025-12-02 17:45:33,596 | INFO | logging in using static token
2025-12-02 17:45:34,804 | INFO | Shard ID None has connected to Gateway (Session ID: 3d5ba6a94efd69dbc68b6c295c69df58).
2025-12-02 17:45:36,836 | INFO | Lain se ha conectado correctamente a la WIRED.
2025-12-02 17:45:42,408 | INFO | Mensaje eliminado: obito7356 dijo: !decir <@487412247002349568>  sss.
2025-12-02 17:46:22,076 | WARNING | PyNaCl is not installed, voice will NOT be supported
2025-12-02 17:46:22,077 | INFO | logging in using static token
2025-12-02 17:46:23,415 | INFO | Shard ID None has connected to Gateway (Session ID: 79a7eec515a573ec779ac60d4bd7fec8).
2025-12-02 17:46:25,426 | INFO | Lain se ha conectado correctamente a la WIRED.
2025-12-02 17:46:29,901 | INFO | Mensaje eliminado: obito7356 dijo: !decir <@487412247002349568>  sdsd.
